#
# A fatal error has been detected by the Java Runtime Environment:
#
#  EXCEPTION_ACCESS_VIOLATION (0xc0000005) at pc=0x00007ffbbc29dcd1, pid=2452, tid=5272
#
# JRE version: OpenJDK Runtime Environment Temurin-21.0.6+7 (21.0.6+7) (build 21.0.6+7-LTS)
# Java VM: OpenJDK 64-Bit Server VM Temurin-21.0.6+7 (21.0.6+7-LTS, mixed mode, sharing, tiered, compressed oops, compressed class ptrs, parallel gc, windows-amd64)
# Problematic frame:
# V  [jvm.dll+0x24dcd1]
#
# No core dump will be written. Minidumps are not enabled by default on client versions of Windows
#
# If you would like to submit a bug report, please visit:
#   https://github.com/adoptium/adoptium-support/issues
#

---------------  S U M M A R Y ------------

Command Line: --add-modules=ALL-SYSTEM --add-opens=java.base/java.util=ALL-UNNAMED --add-opens=java.base/java.lang=ALL-UNNAMED --add-opens=java.base/sun.nio.fs=ALL-UNNAMED -Declipse.application=org.eclipse.jdt.ls.core.id1 -Dosgi.bundles.defaultStartLevel=4 -Declipse.product=org.eclipse.jdt.ls.core.product -Djava.import.generatesMetadataFilesAtProjectRoot=false -DDetectVMInstallationsJob.disabled=true -Dfile.encoding=utf8 -XX:+UseParallelGC -XX:GCTimeRatio=4 -XX:AdaptiveSizePolicyWeight=90 -Dsun.zip.disableMemoryMapping=true -Xmx1G -Xms100m -Xlog:disable -javaagent:c:\Users\Sandz\.vscode\extensions\redhat.java-1.41.0-win32-x64\lombok\lombok-1.18.36.jar -XX:+HeapDumpOnOutOfMemoryError -XX:HeapDumpPath=c:\Users\Sandz\AppData\Roaming\Code\User\workspaceStorage\6d43673110fc0150513da5b9eddb23f1\redhat.java -Daether.dependencyCollector.impl=bf c:\Users\Sandz\.vscode\extensions\redhat.java-1.41.0-win32-x64\server\plugins\org.eclipse.equinox.launcher_1.6.1100.v20250306-0509.jar -configuration c:\Users\Sandz\AppData\Roaming\Code\User\globalStorage\redhat.java\1.41.0\config_win -data c:\Users\Sandz\AppData\Roaming\Code\User\workspaceStorage\6d43673110fc0150513da5b9eddb23f1\redhat.java\jdt_ws --pipe=\\.\pipe\lsp-575bdb653580157f4f6f5b031d859167-sock

Host: Intel(R) Core(TM) i7-4700HQ CPU @ 2.40GHz, 8 cores, 15G,  Windows 10 , 64 bit Build 18362 (10.0.18362.1)
Time: Sat Mar 29 16:54:13 2025 South Africa Standard Time elapsed time: 47.094948 seconds (0d 0h 0m 47s)

---------------  T H R E A D  ---------------

Current thread (0x000001f200c7c5d0):  JavaThread "C2 CompilerThread1" daemon [_thread_in_native, id=5272, stack(0x0000001b16f00000,0x0000001b17000000) (1024K)]


Current CompileTask:
C2:47095 8300       4       org.eclipse.osgi.internal.loader.BundleLoader::searchHooks (192 bytes)

Stack: [0x0000001b16f00000,0x0000001b17000000],  sp=0x0000001b16ffbea0,  free space=1007k
Native frames: (J=compiled Java code, j=interpreted, Vv=VM code, C=native code)
V  [jvm.dll+0x24dcd1]
V  [jvm.dll+0x24c4ed]
V  [jvm.dll+0x249c1d]
V  [jvm.dll+0x246ec4]
V  [jvm.dll+0x1c75ee]
V  [jvm.dll+0x25685a]
V  [jvm.dll+0x254dfa]
V  [jvm.dll+0x3f0256]
V  [jvm.dll+0x851f8b]
V  [jvm.dll+0x6cc5ed]
C  [ucrtbase.dll+0x1d912]
C  [KERNEL32.DLL+0x17944]
C  [ntdll.dll+0x6ce71]


siginfo: EXCEPTION_ACCESS_VIOLATION (0xc0000005), reading address 0x000001f00c80a8e0


Registers:
RAX=0x000001f20bfaddd8, RBX=0x000001f27f41cd20, RCX=0x000000000000000f, RDX=0x000001f27d177460
RSP=0x0000001b16ffbea0, RBP=0x0000001b16ffbf11, RSI=0x00007ffbbc050000, RDI=0x000001f00c80a8b8
R8 =0x0000001b16ffc028, R9 =0x0000000000000012, R10=0x0000000000000007, R11=0x0000000000000003
R12=0x0000000000000011, R13=0x0000001b16ffc010, R14=0x0000000000000010, R15=0x0000001b16ffbff0
RIP=0x00007ffbbc29dcd1, EFLAGS=0x0000000000010206

XMM[0]=0x0000000000000000 0x0000000000000000
XMM[1]=0x000001f27ee9fe60 0x000001f27eea44a8
XMM[2]=0x000001f27eea3508 0x000001f27ee9d558
XMM[3]=0x0000000000000000 0x000000003f7fffef
XMM[4]=0x0000000000000000 0x0000000000000000
XMM[5]=0x000001f27eea2fc8 0x000001f27eea0110
XMM[6]=0x0000000000000000 0x0000000000000000
XMM[7]=0x0000000000000000 0x0000000000000000
XMM[8]=0x0000000000000000 0x0000000000000000
XMM[9]=0x0000000000000000 0x0000000000000000
XMM[10]=0x0000000000000000 0x0000000000000000
XMM[11]=0x0000000000000000 0x0000000000000000
XMM[12]=0x0000000000000000 0x0000000000000000
XMM[13]=0x0000000000000000 0x0000000000000000
XMM[14]=0x0000000000000000 0x0000000000000000
XMM[15]=0x0000000000000000 0x0000000000000000
  MXCSR=0x00001fa0


Register to memory mapping:

RAX=0x000001f20bfaddd8 points into unknown readable memory: 0x000001f20a8a5700 | 00 57 8a 0a f2 01 00 00
RBX=0x000001f27f41cd20 points into unknown readable memory: 0x00007ffbbca4b0e8 | e8 b0 a4 bc fb 7f 00 00
RCX=0x000000000000000f is an unknown value
RDX=0x000001f27d177460 points into unknown readable memory: 0xeffbf73dc2000102 | 02 01 00 c2 3d f7 fb ef
RSP=0x0000001b16ffbea0 is pointing into the stack for thread: 0x000001f200c7c5d0
RBP=0x0000001b16ffbf11 is pointing into the stack for thread: 0x000001f200c7c5d0
RSI=0x00007ffbbc050000 jvm.dll
RDI=0x000001f00c80a8b8 is an unknown value
R8 =0x0000001b16ffc028 is pointing into the stack for thread: 0x000001f200c7c5d0
R9 =0x0000000000000012 is an unknown value
R10=0x0000000000000007 is an unknown value
R11=0x0000000000000003 is an unknown value
R12=0x0000000000000011 is an unknown value
R13=0x0000001b16ffc010 is pointing into the stack for thread: 0x000001f200c7c5d0
R14=0x0000000000000010 is an unknown value
R15=0x0000001b16ffbff0 is pointing into the stack for thread: 0x000001f200c7c5d0

Top of Stack: (sp=0x0000001b16ffbea0)
0x0000001b16ffbea0:   0000001b16ffe2b0 000001f20bfadcc0
0x0000001b16ffbeb0:   000001f27f41cd20 00007ffbbc8bc956
0x0000001b16ffbec0:   0000001b16ffbfa0 0000000000000000
0x0000001b16ffbed0:   000001f201193e00 000001f200000040
0x0000001b16ffbee0:   000001f27d178090 00007ffb00000028
0x0000001b16ffbef0:   000001f200000080 000001f27d177790
0x0000001b16ffbf00:   000001f200000080 000001f201193e00
0x0000001b16ffbf10:   0000001b00000000 000001f20a788b38
0x0000001b16ffbf20:   0000000000000000 0000000000000070
0x0000001b16ffbf30:   0000000000000003 000001f2007e9a20
0x0000001b16ffbf40:   0000001b16ffe2b0 0000000000000020
0x0000001b16ffbf50:   0000000000000000 0000000000003510
0x0000001b16ffbf60:   0000001b16ffc070 00007ffbbc29c4ed
0x0000001b16ffbf70:   0000001b16ffe2b0 0000001b16ffc028
0x0000001b16ffbf80:   000001f2007e9a90 0000001b16ffc010
0x0000001b16ffbf90:   0000001b16ffbfa0 000001f20a788b38
0x0000001b16ffbfa0:   000001f201193e00 00007ffb00000004
0x0000001b16ffbfb0:   000001f27d1773c0 00007ffb00000001
0x0000001b16ffbfc0:   0000001b00000040 000001f27d177f90
0x0000001b16ffbfd0:   000001f200000040 000001f201193e00
0x0000001b16ffbfe0:   0000000000000000 00007ffbbc71695f
0x0000001b16ffbff0:   000001f27d1740f0 000001f27d1773c0
0x0000001b16ffc000:   000001f27d173eb0 000001f201193e00
0x0000001b16ffc010:   0000000000000010 0000002200000000
0x0000001b16ffc020:   0000003400000005 00007ffb00000080
0x0000001b16ffc030:   000001f27d177450 000001f200000080
0x0000001b16ffc040:   000001f201193e00 000001f201193e00
0x0000001b16ffc050:   000001f200000080 000001f27d177b90
0x0000001b16ffc060:   0000001b00000062 00007ffbbc664684
0x0000001b16ffc070:   0000000000000000 0000000000000000
0x0000001b16ffc080:   0000000000000000 0000000000000000
0x0000001b16ffc090:   000001f20a78d420 0000000000000000 

Instructions: (pc=0x00007ffbbc29dcd1)
0x00007ffbbc29dbd1:   00 65 48 8b 04 25 58 00 00 00 49 8b d8 44 8b 05
0x00007ffbbc29dbe1:   03 06 a9 00 4d 8b e9 4c 8b fa 4a 8b 3c c0 b8 70
0x00007ffbbc29dbf1:   00 00 00 48 03 c7 48 89 45 6f 80 38 00 75 05 e8
0x00007ffbbc29dc01:   ab 93 6f 00 b8 20 00 00 00 48 8b 04 38 48 8b 88
0x00007ffbbc29dc11:   18 03 00 00 48 89 4d bf c7 45 c7 04 00 00 00 4c
0x00007ffbbc29dc21:   8b 49 18 48 8b 41 20 49 2b c1 48 83 f8 20 72 0a
0x00007ffbbc29dc31:   49 8d 41 20 48 89 41 18 eb 0f 45 33 c0 41 8d 50
0x00007ffbbc29dc41:   20 e8 f9 77 e7 ff 4c 8b c8 44 8b 45 c7 33 d2 49
0x00007ffbbc29dc51:   c1 e0 03 49 8b c9 4c 89 4d cf e8 d2 a4 6f 00 45
0x00007ffbbc29dc61:   33 f6 48 8d 4d df 44 89 75 d7 e8 c0 34 64 00 8b
0x00007ffbbc29dc71:   73 28 4d 8d 45 18 8b fe 44 89 75 ff c1 ef 05 4c
0x00007ffbbc29dc81:   89 45 67 41 3b 38 72 0e 8b d7 49 8b c8 e8 fd 34
0x00007ffbbc29dc91:   64 00 4c 8b 45 67 49 8b 40 08 83 e6 1f 48 8d 14
0x00007ffbbc29dca1:   b8 8b 04 b8 0f ab f0 89 02 44 8b 63 18 48 8d 35
0x00007ffbbc29dcb1:   4b 23 db ff 45 3b f4 0f 83 40 01 00 00 48 8b 43
0x00007ffbbc29dcc1:   08 41 8b ce 41 ff c6 48 8b 3c c8 48 85 ff 74 e4
0x00007ffbbc29dcd1:   44 8b 6f 28 41 8b f5 c1 ee 05 41 3b 30 72 0a 8b
0x00007ffbbc29dce1:   d6 49 8b c8 e8 a6 34 64 00 41 83 e5 1f 41 b8 01
0x00007ffbbc29dcf1:   00 00 00 41 0f b6 cd 4c 8b 6d 77 41 d3 e0 49 8b
0x00007ffbbc29dd01:   45 20 8b 0c b0 48 8d 14 b0 8b c1 48 8d 35 ed 22
0x00007ffbbc29dd11:   db ff 41 0b c0 41 85 c8 89 02 4c 8b 45 67 75 94
0x00007ffbbc29dd21:   8b 47 2c 83 e0 03 3c 03 0f 85 9d 00 00 00 48 8b
0x00007ffbbc29dd31:   07 48 8b cf ff 90 90 00 00 00 48 85 c0 0f 84 88
0x00007ffbbc29dd41:   00 00 00 48 8b 07 48 8b cf ff 90 90 00 00 00 48
0x00007ffbbc29dd51:   8b c8 e8 b8 0d f8 ff 48 8b 4d 5f 39 81 e0 08 00
0x00007ffbbc29dd61:   00 7d 06 89 81 e0 08 00 00 44 8b 67 28 41 8b f4
0x00007ffbbc29dd71:   c1 ee 05 3b 75 df 72 0b 8b d6 48 8d 4d df e8 0c
0x00007ffbbc29dd81:   34 64 00 48 8b 45 e7 41 83 e4 1f 48 8d 14 b0 41
0x00007ffbbc29dd91:   0f b6 cc 41 b8 01 00 00 00 41 d3 e0 8b 0a 8b c1
0x00007ffbbc29dda1:   41 0b c0 89 02 41 85 c8 75 21 8b 75 d7 8d 46 01
0x00007ffbbc29ddb1:   89 45 d7 3b 75 c7 72 0b 8b d6 48 8d 4d bf e8 2c
0x00007ffbbc29ddc1:   b7 45 00 48 8b 45 cf 48 89 3c f0 44 8b 67 18 49 


Stack slot to memory mapping:

stack at sp + 0 slots: 0x0000001b16ffe2b0 is pointing into the stack for thread: 0x000001f200c7c5d0
stack at sp + 1 slots: 0x000001f20bfadcc0 points into unknown readable memory: 0x00007ffbbca4c338 | 38 c3 a4 bc fb 7f 00 00
stack at sp + 2 slots: 0x000001f27f41cd20 points into unknown readable memory: 0x00007ffbbca4b0e8 | e8 b0 a4 bc fb 7f 00 00
stack at sp + 3 slots: 0x00007ffbbc8bc956 jvm.dll
stack at sp + 4 slots: 0x0000001b16ffbfa0 is pointing into the stack for thread: 0x000001f200c7c5d0
stack at sp + 5 slots: 0x0 is null
stack at sp + 6 slots: 0x000001f201193e00 points into unknown readable memory: 0x0000000000000007 | 07 00 00 00 00 00 00 00
stack at sp + 7 slots: 0x000001f200000040 points into unknown readable memory: 0x000001f200000070 | 70 00 00 00 f2 01 00 00


---------------  P R O C E S S  ---------------

Threads class SMR info:
_java_thread_list=0x000001f200212660, length=48, elements={
0x000001f2218d7a30, 0x000001f235c86870, 0x000001f235c880d0, 0x000001f235c89bb0,
0x000001f235c8c8d0, 0x000001f235c8d5e0, 0x000001f235c8f040, 0x000001f235c8fe70,
0x000001f2786d3d70, 0x000001f278774e10, 0x000001f27d030370, 0x000001f27d3dfb00,
0x000001f278858ff0, 0x000001f278a67370, 0x000001f27d92a9e0, 0x000001f27dd93d70,
0x000001f27d89cce0, 0x000001f27d6414f0, 0x000001f27d641b80, 0x000001f27d6435c0,
0x000001f27d642210, 0x000001f27d6428a0, 0x000001f27d6407d0, 0x000001f27d640140,
0x000001f20077c820, 0x000001f20077fca0, 0x000001f2007816e0, 0x000001f20077d540,
0x000001f20077dbd0, 0x000001f200782a90, 0x000001f20077ef80, 0x000001f20077f610,
0x000001f2007809c0, 0x000001f20077ceb0, 0x000001f200781d70, 0x000001f20077e8f0,
0x000001f200780330, 0x000001f200781050, 0x000001f20077e260, 0x000001f20077bb00,
0x000001f27fac7d60, 0x000001f200c7c5d0, 0x000001f27fac83f0, 0x000001f27facbf00,
0x000001f27facf380, 0x000001f27facc590, 0x000001f27face660, 0x000001f27faccc20
}

Java Threads: ( => current thread )
  0x000001f2218d7a30 JavaThread "main"                              [_thread_blocked, id=6084, stack(0x0000001b17100000,0x0000001b17200000) (1024K)]
  0x000001f235c86870 JavaThread "Reference Handler"          daemon [_thread_blocked, id=11932, stack(0x0000001b17500000,0x0000001b17600000) (1024K)]
  0x000001f235c880d0 JavaThread "Finalizer"                  daemon [_thread_blocked, id=2168, stack(0x0000001b17600000,0x0000001b17700000) (1024K)]
  0x000001f235c89bb0 JavaThread "Signal Dispatcher"          daemon [_thread_blocked, id=6672, stack(0x0000001b17700000,0x0000001b17800000) (1024K)]
  0x000001f235c8c8d0 JavaThread "Attach Listener"            daemon [_thread_blocked, id=8400, stack(0x0000001b17800000,0x0000001b17900000) (1024K)]
  0x000001f235c8d5e0 JavaThread "Service Thread"             daemon [_thread_blocked, id=1496, stack(0x0000001b17900000,0x0000001b17a00000) (1024K)]
  0x000001f235c8f040 JavaThread "Monitor Deflation Thread"   daemon [_thread_blocked, id=6328, stack(0x0000001b17a00000,0x0000001b17b00000) (1024K)]
  0x000001f235c8fe70 JavaThread "C2 CompilerThread0"         daemon [_thread_in_native, id=4744, stack(0x0000001b17b00000,0x0000001b17c00000) (1024K)]
  0x000001f2786d3d70 JavaThread "C1 CompilerThread0"         daemon [_thread_blocked, id=3296, stack(0x0000001b17c00000,0x0000001b17d00000) (1024K)]
  0x000001f278774e10 JavaThread "Common-Cleaner"             daemon [_thread_blocked, id=5216, stack(0x0000001b17d00000,0x0000001b17e00000) (1024K)]
  0x000001f27d030370 JavaThread "Notification Thread"        daemon [_thread_blocked, id=8108, stack(0x0000001b17f00000,0x0000001b18000000) (1024K)]
  0x000001f27d3dfb00 JavaThread "Active Thread: Equinox Container: 40e06f36-8253-43d0-8801-07d5f2d9de6a"        [_thread_blocked, id=2476, stack(0x0000001b18700000,0x0000001b18800000) (1024K)]
  0x000001f278858ff0 JavaThread "Refresh Thread: Equinox Container: 40e06f36-8253-43d0-8801-07d5f2d9de6a" daemon [_thread_blocked, id=5148, stack(0x0000001b17e00000,0x0000001b17f00000) (1024K)]
  0x000001f278a67370 JavaThread "Framework Event Dispatcher: Equinox Container: 40e06f36-8253-43d0-8801-07d5f2d9de6a" daemon [_thread_blocked, id=6344, stack(0x0000001b18800000,0x0000001b18900000) (1024K)]
  0x000001f27d92a9e0 JavaThread "Start Level: Equinox Container: 40e06f36-8253-43d0-8801-07d5f2d9de6a" daemon [_thread_blocked, id=10308, stack(0x0000001b18900000,0x0000001b18a00000) (1024K)]
  0x000001f27dd93d70 JavaThread "Bundle File Closer"         daemon [_thread_blocked, id=7420, stack(0x0000001b18b00000,0x0000001b18c00000) (1024K)]
  0x000001f27d89cce0 JavaThread "SCR Component Actor"        daemon [_thread_blocked, id=12796, stack(0x0000001b18a00000,0x0000001b18b00000) (1024K)]
  0x000001f27d6414f0 JavaThread "Worker-JM"                         [_thread_blocked, id=5772, stack(0x0000001b18e00000,0x0000001b18f00000) (1024K)]
  0x000001f27d641b80 JavaThread "JNA Cleaner"                daemon [_thread_blocked, id=11660, stack(0x0000001b18f00000,0x0000001b19000000) (1024K)]
  0x000001f27d6435c0 JavaThread "Worker-0"                          [_thread_blocked, id=12208, stack(0x0000001b19000000,0x0000001b19100000) (1024K)]
  0x000001f27d642210 JavaThread "Worker-1"                          [_thread_blocked, id=5520, stack(0x0000001b19100000,0x0000001b19200000) (1024K)]
  0x000001f27d6428a0 JavaThread "Java indexing"              daemon [_thread_blocked, id=12928, stack(0x0000001b19300000,0x0000001b19400000) (1024K)]
  0x000001f27d6407d0 JavaThread "Worker-2: Synchronize Gradle projects with workspace"        [_thread_blocked, id=6624, stack(0x0000001b19400000,0x0000001b19500000) (1024K)]
  0x000001f27d640140 JavaThread "Worker-3: Initialize Workspace"        [_thread_blocked, id=12484, stack(0x0000001b19500000,0x0000001b19600000) (1024K)]
  0x000001f20077c820 JavaThread "Thread-2"                   daemon [_thread_in_native, id=13080, stack(0x0000001b19600000,0x0000001b19700000) (1024K)]
  0x000001f20077fca0 JavaThread "Thread-3"                   daemon [_thread_in_native, id=13056, stack(0x0000001b19700000,0x0000001b19800000) (1024K)]
  0x000001f2007816e0 JavaThread "Thread-4"                   daemon [_thread_in_native, id=6912, stack(0x0000001b19800000,0x0000001b19900000) (1024K)]
  0x000001f20077d540 JavaThread "Thread-5"                   daemon [_thread_in_native, id=6644, stack(0x0000001b19900000,0x0000001b19a00000) (1024K)]
  0x000001f20077dbd0 JavaThread "Thread-6"                   daemon [_thread_in_native, id=3148, stack(0x0000001b19a00000,0x0000001b19b00000) (1024K)]
  0x000001f200782a90 JavaThread "Thread-7"                   daemon [_thread_in_native, id=4668, stack(0x0000001b19b00000,0x0000001b19c00000) (1024K)]
  0x000001f20077ef80 JavaThread "Thread-8"                   daemon [_thread_in_native, id=1136, stack(0x0000001b19c00000,0x0000001b19d00000) (1024K)]
  0x000001f20077f610 JavaThread "Thread-9"                   daemon [_thread_in_native, id=12244, stack(0x0000001b19d00000,0x0000001b19e00000) (1024K)]
  0x000001f2007809c0 JavaThread "Thread-10"                  daemon [_thread_in_native, id=3284, stack(0x0000001b19e00000,0x0000001b19f00000) (1024K)]
  0x000001f20077ceb0 JavaThread "pool-2-thread-1"                   [_thread_blocked, id=1800, stack(0x0000001b19f00000,0x0000001b1a000000) (1024K)]
  0x000001f200781d70 JavaThread "Worker-4"                          [_thread_blocked, id=8980, stack(0x0000001b1a000000,0x0000001b1a100000) (1024K)]
  0x000001f20077e8f0 JavaThread "Timer-0"                           [_thread_blocked, id=2212, stack(0x0000001b1a100000,0x0000001b1a200000) (1024K)]
  0x000001f200780330 JavaThread "Worker-5"                          [_thread_blocked, id=9948, stack(0x0000001b1a200000,0x0000001b1a300000) (1024K)]
  0x000001f200781050 JavaThread "Timer-1"                           [_thread_blocked, id=11036, stack(0x0000001b1a300000,0x0000001b1a400000) (1024K)]
  0x000001f20077e260 JavaThread "WorkspaceEventsHandler"            [_thread_blocked, id=8028, stack(0x0000001b1a400000,0x0000001b1a500000) (1024K)]
  0x000001f20077bb00 JavaThread "pool-1-thread-1"                   [_thread_blocked, id=5744, stack(0x0000001b1a500000,0x0000001b1a600000) (1024K)]
  0x000001f27fac7d60 JavaThread "Timer-2"                           [_thread_blocked, id=2056, stack(0x0000001b1a700000,0x0000001b1a800000) (1024K)]
=>0x000001f200c7c5d0 JavaThread "C2 CompilerThread1"         daemon [_thread_in_native, id=5272, stack(0x0000001b16f00000,0x0000001b17000000) (1024K)]
  0x000001f27fac83f0 JavaThread "Timer-3"                           [_thread_blocked, id=11672, stack(0x0000001b18c00000,0x0000001b18d00000) (1024K)]
  0x000001f27facbf00 JavaThread "Timer-4"                           [_thread_blocked, id=6820, stack(0x0000001b18d00000,0x0000001b18e00000) (1024K)]
  0x000001f27facf380 JavaThread "Timer-5"                           [_thread_blocked, id=7868, stack(0x0000001b19200000,0x0000001b19300000) (1024K)]
  0x000001f27facc590 JavaThread "Timer-6"                           [_thread_blocked, id=5664, stack(0x0000001b1a800000,0x0000001b1a900000) (1024K)]
  0x000001f27face660 JavaThread "Timer-7"                           [_thread_blocked, id=13096, stack(0x0000001b1a900000,0x0000001b1aa00000) (1024K)]
  0x000001f27faccc20 JavaThread "Connection worker"                 [_thread_in_Java, id=7348, stack(0x0000001b1aa00000,0x0000001b1ab00000) (1024K)]
Total: 48

Other Threads:
  0x000001f235c72500 VMThread "VM Thread"                           [id=11404, stack(0x0000001b17400000,0x0000001b17500000) (1024K)]
  0x000001f235bacb20 WatcherThread "VM Periodic Task Thread"        [id=11040, stack(0x0000001b17300000,0x0000001b17400000) (1024K)]
  0x000001f2218f7e10 WorkerThread "GC Thread#0"                     [id=11560, stack(0x0000001b17200000,0x0000001b17300000) (1024K)]
  0x000001f27d691640 WorkerThread "GC Thread#1"                     [id=4896, stack(0x0000001b18100000,0x0000001b18200000) (1024K)]
  0x000001f27d4d9e20 WorkerThread "GC Thread#2"                     [id=12496, stack(0x0000001b18200000,0x0000001b18300000) (1024K)]
  0x000001f27d4da1c0 WorkerThread "GC Thread#3"                     [id=8052, stack(0x0000001b18300000,0x0000001b18400000) (1024K)]
  0x000001f27d4da560 WorkerThread "GC Thread#4"                     [id=11520, stack(0x0000001b18400000,0x0000001b18500000) (1024K)]
  0x000001f27d149910 WorkerThread "GC Thread#5"                     [id=7028, stack(0x0000001b18500000,0x0000001b18600000) (1024K)]
  0x000001f27d14a0b0 WorkerThread "GC Thread#6"                     [id=11684, stack(0x0000001b18600000,0x0000001b18700000) (1024K)]
  0x000001f27d7dd460 WorkerThread "GC Thread#7"                     [id=8600, stack(0x0000001b18000000,0x0000001b18100000) (1024K)]
Total: 10

Threads with active compile tasks:
C2 CompilerThread0  47143 8308   !   4       org.eclipse.osgi.internal.weaving.WeavingHookConfigurator::processClass (245 bytes)
C2 CompilerThread1  47143 8300       4       org.eclipse.osgi.internal.loader.BundleLoader::searchHooks (192 bytes)
Total: 2

VM state: not at safepoint (normal execution)

VM Mutex/Monitor currently owned by a thread: None

Heap address: 0x00000000c0000000, size: 1024 MB, Compressed Oops mode: 32-bit

CDS archive(s) mapped at: [0x000001f236000000-0x000001f236ba0000-0x000001f236ba0000), size 12189696, SharedBaseAddress: 0x000001f236000000, ArchiveRelocationMode: 1.
Compressed class space mapped at: 0x000001f237000000-0x000001f277000000, reserved size: 1073741824
Narrow klass base: 0x000001f236000000, Narrow klass shift: 0, Narrow klass range: 0x100000000

GC Precious Log:
 CardTable entry size: 512
 CPUs: 8 total, 8 available
 Memory: 16303M
 Large Page Support: Disabled
 NUMA Support: Disabled
 Compressed Oops: Enabled (32-bit)
 Alignments: Space 512K, Generation 512K, Heap 2M
 Heap Min Capacity: 100M
 Heap Initial Capacity: 100M
 Heap Max Capacity: 1G
 Pre-touch: Disabled
 Parallel Workers: 8

Heap:
 PSYoungGen      total 2560K, used 1660K [0x00000000eab00000, 0x00000000eb080000, 0x0000000100000000)
  eden space 2048K, 63% used [0x00000000eab00000,0x00000000eac44ed8,0x00000000ead00000)
  from space 512K, 70% used [0x00000000eaf80000,0x00000000eafda2f8,0x00000000eb000000)
  to   space 512K, 0% used [0x00000000eb000000,0x00000000eb000000,0x00000000eb080000)
 ParOldGen       total 457728K, used 195867K [0x00000000c0000000, 0x00000000dbf00000, 0x00000000eab00000)
  object space 457728K, 42% used [0x00000000c0000000,0x00000000cbf46e70,0x00000000dbf00000)
 Metaspace       used 60246K, committed 61504K, reserved 1114112K
  class space    used 7205K, committed 7744K, reserved 1048576K

Card table byte_map: [0x000001f221280000,0x000001f221490000] _byte_map_base: 0x000001f220c80000

Marking Bits: (ParMarkBitMap*) 0x00007ffbbcd03260
 Begin Bits: [0x000001f233ad0000, 0x000001f234ad0000)
 End Bits:   [0x000001f234ad0000, 0x000001f235ad0000)

Polling page: 0x000001f21f660000

Metaspace:

Usage:
  Non-class:     51.80 MB used.
      Class:      7.04 MB used.
       Both:     58.83 MB used.

Virtual space:
  Non-class space:       64.00 MB reserved,      52.50 MB ( 82%) committed,  1 nodes.
      Class space:        1.00 GB reserved,       7.56 MB ( <1%) committed,  1 nodes.
             Both:        1.06 GB reserved,      60.06 MB (  6%) committed. 

Chunk freelists:
   Non-Class:  11.06 MB
       Class:  8.34 MB
        Both:  19.41 MB

MaxMetaspaceSize: unlimited
CompressedClassSpaceSize: 1.00 GB
Initial GC threshold: 21.00 MB
Current GC threshold: 97.31 MB
CDS: on
 - commit_granule_bytes: 65536.
 - commit_granule_words: 8192.
 - virtual_space_node_default_size: 8388608.
 - enlarge_chunks_in_place: 1.
 - use_allocation_guard: 0.


Internal statistics:

num_allocs_failed_limit: 9.
num_arena_births: 994.
num_arena_deaths: 34.
num_vsnodes_births: 2.
num_vsnodes_deaths: 0.
num_space_committed: 961.
num_space_uncommitted: 0.
num_chunks_returned_to_freelist: 51.
num_chunks_taken_from_freelist: 3634.
num_chunk_merges: 15.
num_chunk_splits: 2343.
num_chunks_enlarged: 1473.
num_inconsistent_stats: 0.

CodeHeap 'non-profiled nmethods': size=120000Kb used=6445Kb max_used=6571Kb free=113554Kb
 bounds [0x000001f22c5a0000, 0x000001f22cc10000, 0x000001f233ad0000]
CodeHeap 'profiled nmethods': size=120000Kb used=15224Kb max_used=15943Kb free=104776Kb
 bounds [0x000001f224ad0000, 0x000001f225a70000, 0x000001f22c000000]
CodeHeap 'non-nmethods': size=5760Kb used=1392Kb max_used=1480Kb free=4367Kb
 bounds [0x000001f22c000000, 0x000001f22c270000, 0x000001f22c5a0000]
 total_blobs=8249 nmethods=7549 adapters=606
 compilation: enabled
              stopped_count=0, restarted_count=0
 full_count=0

Compilation events (20 events):
Event: 46.968 Thread 0x000001f200c7c5d0 nmethod 8294 0x000001f22c759190 code [0x000001f22c759320, 0x000001f22c759540]
Event: 46.978 Thread 0x000001f200c7c5d0 8295       4       org.eclipse.osgi.storage.bundlefile.ZipBundleEntry::getInputStream (12 bytes)
Event: 46.991 Thread 0x000001f235c8fe70 nmethod 8292 0x000001f22c763590 code [0x000001f22c763a00, 0x000001f22c765d40]
Event: 46.992 Thread 0x000001f235c8fe70 8296       4       java.net.URL::lowerCaseProtocol (46 bytes)
Event: 46.998 Thread 0x000001f200c7c5d0 nmethod 8295 0x000001f22c6e8790 code [0x000001f22c6e8aa0, 0x000001f22c6e9ab0]
Event: 46.999 Thread 0x000001f200c7c5d0 8297 % !   4       org.gradle.internal.daemon.client.serialization.ClasspathInferer::find @ 200 (383 bytes)
Event: 47.006 Thread 0x000001f235c8fe70 nmethod 8296 0x000001f22c632310 code [0x000001f22c632500, 0x000001f22c633020]
Event: 47.017 Thread 0x000001f235c8fe70 8298       4       java.lang.ClassLoader::getParent (32 bytes)
Event: 47.017 Thread 0x000001f235c8fe70 nmethod 8298 0x000001f22c631f10 code [0x000001f22c6320a0, 0x000001f22c632130]
Event: 47.051 Thread 0x000001f2786d3d70 8299       3       java.io.File::getAbsoluteFile (38 bytes)
Event: 47.052 Thread 0x000001f2786d3d70 nmethod 8299 0x000001f224b5f010 code [0x000001f224b5f200, 0x000001f224b5f618]
Event: 47.057 Thread 0x000001f200c7c5d0 nmethod 8297% 0x000001f22c62ce90 code [0x000001f22c62d1e0, 0x000001f22c62f7e8]
Event: 47.067 Thread 0x000001f200c7c5d0 8300       4       org.eclipse.osgi.internal.loader.BundleLoader::searchHooks (192 bytes)
Event: 47.072 Thread 0x000001f235c8fe70 8301       4       java.lang.Long::getChars (195 bytes)
Event: 47.077 Thread 0x000001f235c8fe70 nmethod 8301 0x000001f22c6ecd10 code [0x000001f22c6ecec0, 0x000001f22c6ed3c8]
Event: 47.077 Thread 0x000001f235c8fe70 8302       4       java.lang.Long::stringSize (55 bytes)
Event: 47.079 Thread 0x000001f235c8fe70 nmethod 8302 0x000001f22c759a90 code [0x000001f22c759c20, 0x000001f22c759e08]
Event: 47.079 Thread 0x000001f235c8fe70 8303       4       org.eclipse.osgi.internal.framework.EquinoxContainer::isBootDelegationPackage (72 bytes)
Event: 47.087 Thread 0x000001f235c8fe70 nmethod 8303 0x000001f22c781210 code [0x000001f22c781440, 0x000001f22c781be8]
Event: 47.087 Thread 0x000001f235c8fe70 8304       4       org.eclipse.osgi.internal.weaving.WovenClassImpl::setWeavingCompleted (53 bytes)

GC Heap History (20 events):
Event: 46.960 GC heap before
{Heap before GC invocations=537 (full 3):
 PSYoungGen      total 2560K, used 2240K [0x00000000eab00000, 0x00000000eb080000, 0x0000000100000000)
  eden space 2048K, 100% used [0x00000000eab00000,0x00000000ead00000,0x00000000ead00000)
  from space 512K, 37% used [0x00000000eaf80000,0x00000000eafb0000,0x00000000eb000000)
  to   space 512K, 0% used [0x00000000eb000000,0x00000000eb000000,0x00000000eb080000)
 ParOldGen       total 457728K, used 194854K [0x00000000c0000000, 0x00000000dbf00000, 0x00000000eab00000)
  object space 457728K, 42% used [0x00000000c0000000,0x00000000cbe498c8,0x00000000dbf00000)
 Metaspace       used 58831K, committed 60160K, reserved 1114112K
  class space    used 6875K, committed 7424K, reserved 1048576K
}
Event: 46.961 GC heap after
{Heap after GC invocations=537 (full 3):
 PSYoungGen      total 2560K, used 192K [0x00000000eab00000, 0x00000000eb080000, 0x0000000100000000)
  eden space 2048K, 0% used [0x00000000eab00000,0x00000000eab00000,0x00000000ead00000)
  from space 512K, 37% used [0x00000000eb000000,0x00000000eb030000,0x00000000eb080000)
  to   space 512K, 0% used [0x00000000eaf80000,0x00000000eaf80000,0x00000000eb000000)
 ParOldGen       total 457728K, used 194894K [0x00000000c0000000, 0x00000000dbf00000, 0x00000000eab00000)
  object space 457728K, 42% used [0x00000000c0000000,0x00000000cbe538c8,0x00000000dbf00000)
 Metaspace       used 58831K, committed 60160K, reserved 1114112K
  class space    used 6875K, committed 7424K, reserved 1048576K
}
Event: 46.974 GC heap before
{Heap before GC invocations=538 (full 3):
 PSYoungGen      total 2560K, used 2240K [0x00000000eab00000, 0x00000000eb080000, 0x0000000100000000)
  eden space 2048K, 100% used [0x00000000eab00000,0x00000000ead00000,0x00000000ead00000)
  from space 512K, 37% used [0x00000000eb000000,0x00000000eb030000,0x00000000eb080000)
  to   space 512K, 0% used [0x00000000eaf80000,0x00000000eaf80000,0x00000000eb000000)
 ParOldGen       total 457728K, used 194894K [0x00000000c0000000, 0x00000000dbf00000, 0x00000000eab00000)
  object space 457728K, 42% used [0x00000000c0000000,0x00000000cbe538c8,0x00000000dbf00000)
 Metaspace       used 58977K, committed 60224K, reserved 1114112K
  class space    used 6915K, committed 7424K, reserved 1048576K
}
Event: 46.975 GC heap after
{Heap after GC invocations=538 (full 3):
 PSYoungGen      total 2560K, used 256K [0x00000000eab00000, 0x00000000eb080000, 0x0000000100000000)
  eden space 2048K, 0% used [0x00000000eab00000,0x00000000eab00000,0x00000000ead00000)
  from space 512K, 50% used [0x00000000eaf80000,0x00000000eafc0000,0x00000000eb000000)
  to   space 512K, 0% used [0x00000000eb000000,0x00000000eb000000,0x00000000eb080000)
 ParOldGen       total 457728K, used 194941K [0x00000000c0000000, 0x00000000dbf00000, 0x00000000eab00000)
  object space 457728K, 42% used [0x00000000c0000000,0x00000000cbe5f5c8,0x00000000dbf00000)
 Metaspace       used 58977K, committed 60224K, reserved 1114112K
  class space    used 6915K, committed 7424K, reserved 1048576K
}
Event: 46.988 GC heap before
{Heap before GC invocations=539 (full 3):
 PSYoungGen      total 2560K, used 2304K [0x00000000eab00000, 0x00000000eb080000, 0x0000000100000000)
  eden space 2048K, 100% used [0x00000000eab00000,0x00000000ead00000,0x00000000ead00000)
  from space 512K, 50% used [0x00000000eaf80000,0x00000000eafc0000,0x00000000eb000000)
  to   space 512K, 0% used [0x00000000eb000000,0x00000000eb000000,0x00000000eb080000)
 ParOldGen       total 457728K, used 194941K [0x00000000c0000000, 0x00000000dbf00000, 0x00000000eab00000)
  object space 457728K, 42% used [0x00000000c0000000,0x00000000cbe5f5c8,0x00000000dbf00000)
 Metaspace       used 59112K, committed 60416K, reserved 1114112K
  class space    used 6950K, committed 7488K, reserved 1048576K
}
Event: 46.989 GC heap after
{Heap after GC invocations=539 (full 3):
 PSYoungGen      total 2560K, used 224K [0x00000000eab00000, 0x00000000eb080000, 0x0000000100000000)
  eden space 2048K, 0% used [0x00000000eab00000,0x00000000eab00000,0x00000000ead00000)
  from space 512K, 43% used [0x00000000eb000000,0x00000000eb038000,0x00000000eb080000)
  to   space 512K, 0% used [0x00000000eaf80000,0x00000000eaf80000,0x00000000eb000000)
 ParOldGen       total 457728K, used 194981K [0x00000000c0000000, 0x00000000dbf00000, 0x00000000eab00000)
  object space 457728K, 42% used [0x00000000c0000000,0x00000000cbe695c8,0x00000000dbf00000)
 Metaspace       used 59112K, committed 60416K, reserved 1114112K
  class space    used 6950K, committed 7488K, reserved 1048576K
}
Event: 47.004 GC heap before
{Heap before GC invocations=540 (full 3):
 PSYoungGen      total 2560K, used 2272K [0x00000000eab00000, 0x00000000eb080000, 0x0000000100000000)
  eden space 2048K, 100% used [0x00000000eab00000,0x00000000ead00000,0x00000000ead00000)
  from space 512K, 43% used [0x00000000eb000000,0x00000000eb038000,0x00000000eb080000)
  to   space 512K, 0% used [0x00000000eaf80000,0x00000000eaf80000,0x00000000eb000000)
 ParOldGen       total 457728K, used 194981K [0x00000000c0000000, 0x00000000dbf00000, 0x00000000eab00000)
  object space 457728K, 42% used [0x00000000c0000000,0x00000000cbe695c8,0x00000000dbf00000)
 Metaspace       used 59238K, committed 60544K, reserved 1114112K
  class space    used 6985K, committed 7552K, reserved 1048576K
}
Event: 47.005 GC heap after
{Heap after GC invocations=540 (full 3):
 PSYoungGen      total 2560K, used 248K [0x00000000eab00000, 0x00000000eb080000, 0x0000000100000000)
  eden space 2048K, 0% used [0x00000000eab00000,0x00000000eab00000,0x00000000ead00000)
  from space 512K, 48% used [0x00000000eaf80000,0x00000000eafbe2b8,0x00000000eb000000)
  to   space 512K, 0% used [0x00000000eb000000,0x00000000eb000000,0x00000000eb080000)
 ParOldGen       total 457728K, used 195029K [0x00000000c0000000, 0x00000000dbf00000, 0x00000000eab00000)
  object space 457728K, 42% used [0x00000000c0000000,0x00000000cbe755d8,0x00000000dbf00000)
 Metaspace       used 59238K, committed 60544K, reserved 1114112K
  class space    used 6985K, committed 7552K, reserved 1048576K
}
Event: 47.020 GC heap before
{Heap before GC invocations=541 (full 3):
 PSYoungGen      total 2560K, used 2296K [0x00000000eab00000, 0x00000000eb080000, 0x0000000100000000)
  eden space 2048K, 100% used [0x00000000eab00000,0x00000000ead00000,0x00000000ead00000)
  from space 512K, 48% used [0x00000000eaf80000,0x00000000eafbe2b8,0x00000000eb000000)
  to   space 512K, 0% used [0x00000000eb000000,0x00000000eb000000,0x00000000eb080000)
 ParOldGen       total 457728K, used 195029K [0x00000000c0000000, 0x00000000dbf00000, 0x00000000eab00000)
  object space 457728K, 42% used [0x00000000c0000000,0x00000000cbe755d8,0x00000000dbf00000)
 Metaspace       used 59391K, committed 60736K, reserved 1114112K
  class space    used 7005K, committed 7552K, reserved 1048576K
}
Event: 47.021 GC heap after
{Heap after GC invocations=541 (full 3):
 PSYoungGen      total 2560K, used 343K [0x00000000eab00000, 0x00000000eb080000, 0x0000000100000000)
  eden space 2048K, 0% used [0x00000000eab00000,0x00000000eab00000,0x00000000ead00000)
  from space 512K, 66% used [0x00000000eb000000,0x00000000eb055c20,0x00000000eb080000)
  to   space 512K, 0% used [0x00000000eaf80000,0x00000000eaf80000,0x00000000eb000000)
 ParOldGen       total 457728K, used 195077K [0x00000000c0000000, 0x00000000dbf00000, 0x00000000eab00000)
  object space 457728K, 42% used [0x00000000c0000000,0x00000000cbe815d8,0x00000000dbf00000)
 Metaspace       used 59391K, committed 60736K, reserved 1114112K
  class space    used 7005K, committed 7552K, reserved 1048576K
}
Event: 47.032 GC heap before
{Heap before GC invocations=542 (full 3):
 PSYoungGen      total 2560K, used 2391K [0x00000000eab00000, 0x00000000eb080000, 0x0000000100000000)
  eden space 2048K, 100% used [0x00000000eab00000,0x00000000ead00000,0x00000000ead00000)
  from space 512K, 66% used [0x00000000eb000000,0x00000000eb055c20,0x00000000eb080000)
  to   space 512K, 0% used [0x00000000eaf80000,0x00000000eaf80000,0x00000000eb000000)
 ParOldGen       total 457728K, used 195077K [0x00000000c0000000, 0x00000000dbf00000, 0x00000000eab00000)
  object space 457728K, 42% used [0x00000000c0000000,0x00000000cbe815d8,0x00000000dbf00000)
 Metaspace       used 59500K, committed 60800K, reserved 1114112K
  class space    used 7027K, committed 7552K, reserved 1048576K
}
Event: 47.033 GC heap after
{Heap after GC invocations=542 (full 3):
 PSYoungGen      total 2560K, used 224K [0x00000000eab00000, 0x00000000eb080000, 0x0000000100000000)
  eden space 2048K, 0% used [0x00000000eab00000,0x00000000eab00000,0x00000000ead00000)
  from space 512K, 43% used [0x00000000eaf80000,0x00000000eafb8000,0x00000000eb000000)
  to   space 512K, 0% used [0x00000000eb000000,0x00000000eb000000,0x00000000eb080000)
 ParOldGen       total 457728K, used 195133K [0x00000000c0000000, 0x00000000dbf00000, 0x00000000eab00000)
  object space 457728K, 42% used [0x00000000c0000000,0x00000000cbe8f5d8,0x00000000dbf00000)
 Metaspace       used 59500K, committed 60800K, reserved 1114112K
  class space    used 7027K, committed 7552K, reserved 1048576K
}
Event: 47.045 GC heap before
{Heap before GC invocations=543 (full 3):
 PSYoungGen      total 2560K, used 2272K [0x00000000eab00000, 0x00000000eb080000, 0x0000000100000000)
  eden space 2048K, 100% used [0x00000000eab00000,0x00000000ead00000,0x00000000ead00000)
  from space 512K, 43% used [0x00000000eaf80000,0x00000000eafb8000,0x00000000eb000000)
  to   space 512K, 0% used [0x00000000eb000000,0x00000000eb000000,0x00000000eb080000)
 ParOldGen       total 457728K, used 195133K [0x00000000c0000000, 0x00000000dbf00000, 0x00000000eab00000)
  object space 457728K, 42% used [0x00000000c0000000,0x00000000cbe8f5d8,0x00000000dbf00000)
 Metaspace       used 59548K, committed 60864K, reserved 1114112K
  class space    used 7041K, committed 7552K, reserved 1048576K
}
Event: 47.045 GC heap after
{Heap after GC invocations=543 (full 3):
 PSYoungGen      total 2560K, used 288K [0x00000000eab00000, 0x00000000eb080000, 0x0000000100000000)
  eden space 2048K, 0% used [0x00000000eab00000,0x00000000eab00000,0x00000000ead00000)
  from space 512K, 56% used [0x00000000eb000000,0x00000000eb048000,0x00000000eb080000)
  to   space 512K, 0% used [0x00000000eaf80000,0x00000000eaf80000,0x00000000eb000000)
 ParOldGen       total 457728K, used 195189K [0x00000000c0000000, 0x00000000dbf00000, 0x00000000eab00000)
  object space 457728K, 42% used [0x00000000c0000000,0x00000000cbe9d5d8,0x00000000dbf00000)
 Metaspace       used 59548K, committed 60864K, reserved 1114112K
  class space    used 7041K, committed 7552K, reserved 1048576K
}
Event: 47.057 GC heap before
{Heap before GC invocations=544 (full 3):
 PSYoungGen      total 2560K, used 2336K [0x00000000eab00000, 0x00000000eb080000, 0x0000000100000000)
  eden space 2048K, 100% used [0x00000000eab00000,0x00000000ead00000,0x00000000ead00000)
  from space 512K, 56% used [0x00000000eb000000,0x00000000eb048000,0x00000000eb080000)
  to   space 512K, 0% used [0x00000000eaf80000,0x00000000eaf80000,0x00000000eb000000)
 ParOldGen       total 457728K, used 195189K [0x00000000c0000000, 0x00000000dbf00000, 0x00000000eab00000)
  object space 457728K, 42% used [0x00000000c0000000,0x00000000cbe9d5d8,0x00000000dbf00000)
 Metaspace       used 59606K, committed 60928K, reserved 1114112K
  class space    used 7059K, committed 7616K, reserved 1048576K
}
Event: 47.058 GC heap after
{Heap after GC invocations=544 (full 3):
 PSYoungGen      total 2560K, used 362K [0x00000000eab00000, 0x00000000eb080000, 0x0000000100000000)
  eden space 2048K, 0% used [0x00000000eab00000,0x00000000eab00000,0x00000000ead00000)
  from space 512K, 70% used [0x00000000eaf80000,0x00000000eafdaa50,0x00000000eb000000)
  to   space 512K, 0% used [0x00000000eb000000,0x00000000eb000000,0x00000000eb080000)
 ParOldGen       total 457728K, used 195293K [0x00000000c0000000, 0x00000000dbf00000, 0x00000000eab00000)
  object space 457728K, 42% used [0x00000000c0000000,0x00000000cbeb7640,0x00000000dbf00000)
 Metaspace       used 59606K, committed 60928K, reserved 1114112K
  class space    used 7059K, committed 7616K, reserved 1048576K
}
Event: 47.071 GC heap before
{Heap before GC invocations=545 (full 3):
 PSYoungGen      total 2560K, used 2410K [0x00000000eab00000, 0x00000000eb080000, 0x0000000100000000)
  eden space 2048K, 99% used [0x00000000eab00000,0x00000000eacffff8,0x00000000ead00000)
  from space 512K, 70% used [0x00000000eaf80000,0x00000000eafdaa50,0x00000000eb000000)
  to   space 512K, 0% used [0x00000000eb000000,0x00000000eb000000,0x00000000eb080000)
 ParOldGen       total 457728K, used 195293K [0x00000000c0000000, 0x00000000dbf00000, 0x00000000eab00000)
  object space 457728K, 42% used [0x00000000c0000000,0x00000000cbeb7640,0x00000000dbf00000)
 Metaspace       used 59686K, committed 60992K, reserved 1114112K
  class space    used 7089K, committed 7616K, reserved 1048576K
}
Event: 47.071 GC heap after
{Heap after GC invocations=545 (full 3):
 PSYoungGen      total 2560K, used 256K [0x00000000eab00000, 0x00000000eb080000, 0x0000000100000000)
  eden space 2048K, 0% used [0x00000000eab00000,0x00000000eab00000,0x00000000ead00000)
  from space 512K, 50% used [0x00000000eb000000,0x00000000eb040000,0x00000000eb080000)
  to   space 512K, 0% used [0x00000000eaf80000,0x00000000eaf80000,0x00000000eb000000)
 ParOldGen       total 457728K, used 195502K [0x00000000c0000000, 0x00000000dbf00000, 0x00000000eab00000)
  object space 457728K, 42% used [0x00000000c0000000,0x00000000cbeebbd0,0x00000000dbf00000)
 Metaspace       used 59686K, committed 60992K, reserved 1114112K
  class space    used 7089K, committed 7616K, reserved 1048576K
}
Event: 47.084 GC heap before
{Heap before GC invocations=546 (full 3):
 PSYoungGen      total 2560K, used 2304K [0x00000000eab00000, 0x00000000eb080000, 0x0000000100000000)
  eden space 2048K, 100% used [0x00000000eab00000,0x00000000ead00000,0x00000000ead00000)
  from space 512K, 50% used [0x00000000eb000000,0x00000000eb040000,0x00000000eb080000)
  to   space 512K, 0% used [0x00000000eaf80000,0x00000000eaf80000,0x00000000eb000000)
 ParOldGen       total 457728K, used 195502K [0x00000000c0000000, 0x00000000dbf00000, 0x00000000eab00000)
  object space 457728K, 42% used [0x00000000c0000000,0x00000000cbeebbd0,0x00000000dbf00000)
 Metaspace       used 59771K, committed 61120K, reserved 1114112K
  class space    used 7116K, committed 7680K, reserved 1048576K
}
Event: 47.085 GC heap after
{Heap after GC invocations=546 (full 3):
 PSYoungGen      total 2560K, used 224K [0x00000000eab00000, 0x00000000eb080000, 0x0000000100000000)
  eden space 2048K, 0% used [0x00000000eab00000,0x00000000eab00000,0x00000000ead00000)
  from space 512K, 43% used [0x00000000eaf80000,0x00000000eafb8000,0x00000000eb000000)
  to   space 512K, 0% used [0x00000000eb000000,0x00000000eb000000,0x00000000eb080000)
 ParOldGen       total 457728K, used 195558K [0x00000000c0000000, 0x00000000dbf00000, 0x00000000eab00000)
  object space 457728K, 42% used [0x00000000c0000000,0x00000000cbef9bd0,0x00000000dbf00000)
 Metaspace       used 59771K, committed 61120K, reserved 1114112K
  class space    used 7116K, committed 7680K, reserved 1048576K
}

Dll operation events (13 events):
Event: 0.010 Loaded shared library c:\Users\Sandz\.vscode\extensions\redhat.java-1.41.0-win32-x64\jre\21.0.6-win32-x86_64\bin\java.dll
Event: 0.189 Loaded shared library c:\Users\Sandz\.vscode\extensions\redhat.java-1.41.0-win32-x64\jre\21.0.6-win32-x86_64\bin\zip.dll
Event: 0.228 Loaded shared library C:\Users\Sandz\.vscode\extensions\redhat.java-1.41.0-win32-x64\jre\21.0.6-win32-x86_64\bin\instrument.dll
Event: 0.240 Loaded shared library C:\Users\Sandz\.vscode\extensions\redhat.java-1.41.0-win32-x64\jre\21.0.6-win32-x86_64\bin\net.dll
Event: 0.242 Loaded shared library C:\Users\Sandz\.vscode\extensions\redhat.java-1.41.0-win32-x64\jre\21.0.6-win32-x86_64\bin\nio.dll
Event: 0.248 Loaded shared library C:\Users\Sandz\.vscode\extensions\redhat.java-1.41.0-win32-x64\jre\21.0.6-win32-x86_64\bin\zip.dll
Event: 0.305 Loaded shared library C:\Users\Sandz\.vscode\extensions\redhat.java-1.41.0-win32-x64\jre\21.0.6-win32-x86_64\bin\jimage.dll
Event: 0.451 Loaded shared library c:\Users\Sandz\.vscode\extensions\redhat.java-1.41.0-win32-x64\jre\21.0.6-win32-x86_64\bin\verify.dll
Event: 7.738 Loaded shared library C:\Users\Sandz\AppData\Roaming\Code\User\globalStorage\redhat.java\1.41.0\config_win\org.eclipse.equinox.launcher\org.eclipse.equinox.launcher.win32.win32.x86_64_1.2.1300.v20250325-0811\eclipse_11911.dll
Event: 17.113 Loaded shared library C:\Users\Sandz\AppData\Local\Temp\jna-79650902\jna9748484287011858357.dll
Event: 35.300 Loaded shared library C:\Users\Sandz\.gradle\native\1def1411415f61bf3af743bc5b6707747c0891f09f0c88961ee8f79bc544acac\windows-amd64\native-platform.dll
Event: 46.168 Loaded shared library C:\Users\Sandz\.vscode\extensions\redhat.java-1.41.0-win32-x64\jre\21.0.6-win32-x86_64\bin\management.dll
Event: 46.171 Loaded shared library C:\Users\Sandz\.vscode\extensions\redhat.java-1.41.0-win32-x64\jre\21.0.6-win32-x86_64\bin\management_ext.dll

Deoptimization events (20 events):
Event: 46.302 Thread 0x000001f27d640140 DEOPT PACKING pc=0x000001f22c94ef80 sp=0x0000001b195fe790
Event: 46.302 Thread 0x000001f27d640140 DEOPT UNPACKING pc=0x000001f22c053aa2 sp=0x0000001b195fe720 mode 2
Event: 46.303 Thread 0x000001f27d640140 Uncommon trap: trap_request=0xffffffde fr.pc=0x000001f22c7e63e0 relative=0x0000000000002920
Event: 46.303 Thread 0x000001f27d640140 Uncommon trap: reason=class_check action=maybe_recompile pc=0x000001f22c7e63e0 method=sun.nio.cs.StreamDecoder.read([CII)I @ 8 c2
Event: 46.303 Thread 0x000001f27d640140 DEOPT PACKING pc=0x000001f22c7e63e0 sp=0x0000001b195fe5c0
Event: 46.303 Thread 0x000001f27d640140 DEOPT UNPACKING pc=0x000001f22c053aa2 sp=0x0000001b195fe5b8 mode 2
Event: 46.332 Thread 0x000001f27facab50 Uncommon trap: trap_request=0xffffff45 fr.pc=0x000001f22c8cd594 relative=0x00000000000000f4
Event: 46.332 Thread 0x000001f27facab50 Uncommon trap: reason=unstable_if action=reinterpret pc=0x000001f22c8cd594 method=java.lang.ThreadLocal$ThreadLocalMap.getEntryAfterMiss(Ljava/lang/ThreadLocal;ILjava/lang/ThreadLocal$ThreadLocalMap$Entry;)Ljava/lang/ThreadLocal$ThreadLocalMap$Entry; @ 30
Event: 46.332 Thread 0x000001f27facab50 DEOPT PACKING pc=0x000001f22c8cd594 sp=0x0000001b192ff010
Event: 46.332 Thread 0x000001f27facab50 DEOPT UNPACKING pc=0x000001f22c053aa2 sp=0x0000001b192fef90 mode 2
Event: 46.339 Thread 0x000001f27d640140 Uncommon trap: trap_request=0xffffff76 fr.pc=0x000001f22cb989d8 relative=0x00000000000001b8
Event: 46.339 Thread 0x000001f27d640140 Uncommon trap: reason=predicate action=maybe_recompile pc=0x000001f22cb989d8 method=java.util.LinkedHashMap.keysToArray([Ljava/lang/Object;Z)[Ljava/lang/Object; @ 53 c2
Event: 46.339 Thread 0x000001f27d640140 DEOPT PACKING pc=0x000001f22cb989d8 sp=0x0000001b195fe070
Event: 46.339 Thread 0x000001f27d640140 DEOPT UNPACKING pc=0x000001f22c053aa2 sp=0x0000001b195fe000 mode 2
Event: 46.608 Thread 0x000001f27faccc20 DEOPT PACKING pc=0x000001f225a2ec3b sp=0x0000001b1aafa6b0
Event: 46.608 Thread 0x000001f27faccc20 DEOPT UNPACKING pc=0x000001f22c054242 sp=0x0000001b1aaf9b20 mode 0
Event: 46.619 Thread 0x000001f27faccc20 DEOPT PACKING pc=0x000001f225a2ec3b sp=0x0000001b1aafa6b0
Event: 46.619 Thread 0x000001f27faccc20 DEOPT UNPACKING pc=0x000001f22c054242 sp=0x0000001b1aaf9b20 mode 0
Event: 46.754 Thread 0x000001f27faccc20 DEOPT PACKING pc=0x000001f225a4b133 sp=0x0000001b1aaf8600
Event: 46.754 Thread 0x000001f27faccc20 DEOPT UNPACKING pc=0x000001f22c054242 sp=0x0000001b1aaf7b10 mode 0

Classes loaded (20 events):
Event: 46.617 Loading class java/util/OptionalInt
Event: 46.617 Loading class java/util/OptionalInt done
Event: 46.617 Loading class java/util/OptionalLong
Event: 46.618 Loading class java/util/OptionalLong done
Event: 46.618 Loading class java/util/OptionalDouble
Event: 46.618 Loading class java/util/OptionalDouble done
Event: 46.708 Loading class java/util/function/ObjIntConsumer
Event: 46.708 Loading class java/util/function/ObjIntConsumer done
Event: 47.001 Loading class java/util/PrimitiveIterator$OfDouble
Event: 47.001 Loading class java/util/PrimitiveIterator
Event: 47.001 Loading class java/util/PrimitiveIterator done
Event: 47.001 Loading class java/util/PrimitiveIterator$OfDouble done
Event: 47.002 Loading class java/util/PrimitiveIterator$OfLong
Event: 47.002 Loading class java/util/PrimitiveIterator$OfLong done
Event: 47.003 Loading class java/util/PrimitiveIterator$OfInt
Event: 47.003 Loading class java/util/PrimitiveIterator$OfInt done
Event: 47.005 Loading class java/util/stream/LongStream
Event: 47.006 Loading class java/util/stream/LongStream done
Event: 47.006 Loading class java/util/stream/DoubleStream
Event: 47.006 Loading class java/util/stream/DoubleStream done

Classes unloaded (17 events):
Event: 17.587 Thread 0x000001f235c72500 Unloading class 0x000001f23719bc00 'java/lang/invoke/LambdaForm$MH+0x000001f23719bc00'
Event: 17.587 Thread 0x000001f235c72500 Unloading class 0x000001f23719b800 'java/lang/invoke/LambdaForm$MH+0x000001f23719b800'
Event: 17.587 Thread 0x000001f235c72500 Unloading class 0x000001f23719b400 'java/lang/invoke/LambdaForm$MH+0x000001f23719b400'
Event: 17.587 Thread 0x000001f235c72500 Unloading class 0x000001f23719b000 'java/lang/invoke/LambdaForm$MH+0x000001f23719b000'
Event: 17.587 Thread 0x000001f235c72500 Unloading class 0x000001f23719ac00 'java/lang/invoke/LambdaForm$BMH+0x000001f23719ac00'
Event: 17.587 Thread 0x000001f235c72500 Unloading class 0x000001f23719a800 'java/lang/invoke/LambdaForm$DMH+0x000001f23719a800'
Event: 17.587 Thread 0x000001f235c72500 Unloading class 0x000001f237199400 'java/lang/invoke/LambdaForm$DMH+0x000001f237199400'
Event: 18.683 Thread 0x000001f235c72500 Unloading class 0x000001f2373a8000 'java/lang/invoke/LambdaForm$MH+0x000001f2373a8000'
Event: 18.683 Thread 0x000001f235c72500 Unloading class 0x000001f2373a3400 'java/lang/invoke/LambdaForm$MH+0x000001f2373a3400'
Event: 18.683 Thread 0x000001f235c72500 Unloading class 0x000001f2373a2c00 'java/lang/invoke/LambdaForm$MH+0x000001f2373a2c00'
Event: 18.683 Thread 0x000001f235c72500 Unloading class 0x000001f2373a2400 'java/lang/invoke/LambdaForm$MH+0x000001f2373a2400'
Event: 18.683 Thread 0x000001f235c72500 Unloading class 0x000001f23739a400 'java/lang/invoke/LambdaForm$MH+0x000001f23739a400'
Event: 18.683 Thread 0x000001f235c72500 Unloading class 0x000001f237399800 'java/lang/invoke/LambdaForm$MH+0x000001f237399800'
Event: 18.683 Thread 0x000001f235c72500 Unloading class 0x000001f237399000 'java/lang/invoke/LambdaForm$MH+0x000001f237399000'
Event: 18.683 Thread 0x000001f235c72500 Unloading class 0x000001f237398c00 'java/lang/invoke/LambdaForm$MH+0x000001f237398c00'
Event: 18.683 Thread 0x000001f235c72500 Unloading class 0x000001f237398000 'java/lang/invoke/LambdaForm$MH+0x000001f237398000'
Event: 18.683 Thread 0x000001f235c72500 Unloading class 0x000001f237391400 'java/lang/invoke/LambdaForm$MH+0x000001f237391400'

Classes redefined (0 events):
No events

Internal exceptions (20 events):
Event: 21.155 Thread 0x000001f27d640140 Exception <a 'sun/nio/fs/WindowsException'{0x00000000eac78160}> (0x00000000eac78160) 
thrown [s\src\hotspot\share\prims\jni.cpp, line 520]
Event: 21.155 Thread 0x000001f27d640140 Exception <a 'sun/nio/fs/WindowsException'{0x00000000eac78790}> (0x00000000eac78790) 
thrown [s\src\hotspot\share\prims\jni.cpp, line 520]
Event: 21.155 Thread 0x000001f27d640140 Exception <a 'sun/nio/fs/WindowsException'{0x00000000eac78de0}> (0x00000000eac78de0) 
thrown [s\src\hotspot\share\prims\jni.cpp, line 520]
Event: 21.156 Thread 0x000001f27d640140 Exception <a 'sun/nio/fs/WindowsException'{0x00000000eacdfb60}> (0x00000000eacdfb60) 
thrown [s\src\hotspot\share\prims\jni.cpp, line 520]
Event: 21.156 Thread 0x000001f27d640140 Exception <a 'sun/nio/fs/WindowsException'{0x00000000eace0160}> (0x00000000eace0160) 
thrown [s\src\hotspot\share\prims\jni.cpp, line 520]
Event: 21.156 Thread 0x000001f27d640140 Exception <a 'sun/nio/fs/WindowsException'{0x00000000eace0760}> (0x00000000eace0760) 
thrown [s\src\hotspot\share\prims\jni.cpp, line 520]
Event: 21.157 Thread 0x000001f27d640140 Exception <a 'sun/nio/fs/WindowsException'{0x00000000eace0d80}> (0x00000000eace0d80) 
thrown [s\src\hotspot\share\prims\jni.cpp, line 520]
Event: 21.363 Thread 0x000001f27d6428a0 Implicit null exception at 0x000001f22c8b95da to 0x000001f22c8b96d8
Event: 21.923 Thread 0x000001f27d6435c0 Exception <a 'java/lang/NoSuchMethodError'{0x00000000ec05dc40}: 'java.lang.Object java.lang.invoke.Invokers$Holder.invoke_MT(java.lang.Object, java.lang.Object, java.lang.Object, java.lang.Object, java.lang.Object, java.lang.Object, java.lang.Object, java.lang.Object, java.lang.Object, java.lang.Object)'> (0x00000000ec05dc40) 
thrown [s\src\hotspot\share\interpreter\linkResolver.cpp, line 773]
Event: 22.402 Thread 0x000001f27d6435c0 Implicit null exception at 0x000001f22c929421 to 0x000001f22c92a1f4
Event: 22.749 Thread 0x000001f27d6435c0 Exception <a 'java/io/FileNotFoundException'{0x00000000eaed17b0}> (0x00000000eaed17b0) 
thrown [s\src\hotspot\share\prims\jni.cpp, line 520]
Event: 22.750 Thread 0x000001f27d6435c0 Exception <a 'java/io/FileNotFoundException'{0x00000000eaed27b0}> (0x00000000eaed27b0) 
thrown [s\src\hotspot\share\prims\jni.cpp, line 520]
Event: 22.750 Thread 0x000001f27d6435c0 Exception <a 'java/io/FileNotFoundException'{0x00000000eaed3508}> (0x00000000eaed3508) 
thrown [s\src\hotspot\share\prims\jni.cpp, line 520]
Event: 24.028 Thread 0x000001f27d6428a0 Implicit null exception at 0x000001f22c9b54bc to 0x000001f22c9b9708
Event: 29.315 Thread 0x000001f27d6428a0 Exception <a 'sun/nio/fs/WindowsException'{0x00000000eabd3768}> (0x00000000eabd3768) 
thrown [s\src\hotspot\share\prims\jni.cpp, line 520]
Event: 46.001 Thread 0x000001f200783120 Exception <a 'java/lang/NoSuchMethodError'{0x00000000eab86e58}: 'java.lang.Object java.lang.invoke.DirectMethodHandle$Holder.invokeVirtual(java.lang.Object, java.lang.Object, java.lang.Object, java.lang.Object, java.lang.Object, java.lang.Object)'> (0x00000000eab86e58) 
thrown [s\src\hotspot\share\interpreter\linkResolver.cpp, line 773]
Event: 46.062 Thread 0x000001f200783120 Exception <a 'java/lang/NoSuchMethodError'{0x00000000eac58450}: 'java.lang.Object java.lang.invoke.DirectMethodHandle$Holder.invokeVirtual(java.lang.Object, java.lang.Object, java.lang.Object, java.lang.Object, java.lang.Object, java.lang.Object, java.lang.Object)'> (0x00000000eac58450) 
thrown [s\src\hotspot\share\interpreter\linkResolver.cpp, line 773]
Event: 46.094 Thread 0x000001f200783120 Exception <a 'java/lang/NoSuchMethodError'{0x00000000eac38d10}: 'java.lang.Object java.lang.invoke.DirectMethodHandle$Holder.invokeVirtual(java.lang.Object, java.lang.Object, java.lang.Object, java.lang.Object, java.lang.Object, java.lang.Object, java.lang.Object, java.lang.Object, java.lang.Object, java.lang.Object, java.lang.Object)'> (0x00000000eac38d10) 
thrown [s\src\hotspot\share\interpreter\linkResolver.cpp, line 773]
Event: 46.099 Thread 0x000001f200783120 Exception <a 'java/lang/NoSuchMethodError'{0x00000000eac8a6f0}: 'java.lang.Object java.lang.invoke.DirectMethodHandle$Holder.invokeStatic(java.lang.Object, java.lang.Object, java.lang.Object, java.lang.Object, java.lang.Object, java.lang.Object, java.lang.Object, java.lang.Object, java.lang.Object, java.lang.Object, java.lang.Object, java.lang.Object, java.lang.Object)'> (0x00000000eac8a6f0) 
thrown [s\src\hotspot\share\interpreter\linkResolver.cpp, line 773]
Event: 46.394 Thread 0x000001f27d640140 Exception <a 'sun/nio/fs/WindowsException'{0x00000000eab0f378}> (0x00000000eab0f378) 
thrown [s\src\hotspot\share\prims\jni.cpp, line 520]

ZGC Phase Switch (0 events):
No events

VM Operations (20 events):
Event: 46.974 Executing VM operation: ParallelGCFailedAllocation (Allocation Failure)
Event: 46.975 Executing VM operation: ParallelGCFailedAllocation (Allocation Failure) done
Event: 46.988 Executing VM operation: ParallelGCFailedAllocation (Allocation Failure)
Event: 46.989 Executing VM operation: ParallelGCFailedAllocation (Allocation Failure) done
Event: 47.004 Executing VM operation: ParallelGCFailedAllocation (Allocation Failure)
Event: 47.005 Executing VM operation: ParallelGCFailedAllocation (Allocation Failure) done
Event: 47.019 Executing VM operation: HandshakeAllThreads (Deoptimize)
Event: 47.019 Executing VM operation: HandshakeAllThreads (Deoptimize) done
Event: 47.020 Executing VM operation: ParallelGCFailedAllocation (Allocation Failure)
Event: 47.021 Executing VM operation: ParallelGCFailedAllocation (Allocation Failure) done
Event: 47.032 Executing VM operation: ParallelGCFailedAllocation (Allocation Failure)
Event: 47.033 Executing VM operation: ParallelGCFailedAllocation (Allocation Failure) done
Event: 47.045 Executing VM operation: ParallelGCFailedAllocation (Allocation Failure)
Event: 47.045 Executing VM operation: ParallelGCFailedAllocation (Allocation Failure) done
Event: 47.057 Executing VM operation: ParallelGCFailedAllocation (Allocation Failure)
Event: 47.058 Executing VM operation: ParallelGCFailedAllocation (Allocation Failure) done
Event: 47.071 Executing VM operation: ParallelGCFailedAllocation (Allocation Failure)
Event: 47.071 Executing VM operation: ParallelGCFailedAllocation (Allocation Failure) done
Event: 47.084 Executing VM operation: ParallelGCFailedAllocation (Allocation Failure)
Event: 47.085 Executing VM operation: ParallelGCFailedAllocation (Allocation Failure) done

Memory protections (0 events):
No events

Nmethod flushes (20 events):
Event: 46.837 Thread 0x000001f235c72500 flushing  nmethod 0x000001f22533da10
Event: 46.837 Thread 0x000001f235c72500 flushing  nmethod 0x000001f225345610
Event: 46.837 Thread 0x000001f235c72500 flushing  nmethod 0x000001f225352a90
Event: 46.837 Thread 0x000001f235c72500 flushing  nmethod 0x000001f225353890
Event: 46.837 Thread 0x000001f235c72500 flushing  nmethod 0x000001f225358690
Event: 46.837 Thread 0x000001f235c72500 flushing  nmethod 0x000001f225359190
Event: 46.837 Thread 0x000001f235c72500 flushing  nmethod 0x000001f225359790
Event: 46.837 Thread 0x000001f235c72500 flushing  nmethod 0x000001f225359b10
Event: 46.837 Thread 0x000001f235c72500 flushing  nmethod 0x000001f22535c290
Event: 46.837 Thread 0x000001f235c72500 flushing  nmethod 0x000001f22536e310
Event: 46.837 Thread 0x000001f235c72500 flushing  nmethod 0x000001f225393010
Event: 46.837 Thread 0x000001f235c72500 flushing  nmethod 0x000001f2253a4490
Event: 46.837 Thread 0x000001f235c72500 flushing  nmethod 0x000001f2253c8a10
Event: 46.837 Thread 0x000001f235c72500 flushing  nmethod 0x000001f2253ca510
Event: 46.837 Thread 0x000001f235c72500 flushing  nmethod 0x000001f2253d8a10
Event: 46.837 Thread 0x000001f235c72500 flushing  nmethod 0x000001f2253d8d90
Event: 46.837 Thread 0x000001f235c72500 flushing  nmethod 0x000001f2253d9110
Event: 46.837 Thread 0x000001f235c72500 flushing  nmethod 0x000001f2253dc090
Event: 46.837 Thread 0x000001f235c72500 flushing  nmethod 0x000001f2253ffd90
Event: 46.837 Thread 0x000001f235c72500 flushing  nmethod 0x000001f22540c910

Events (20 events):
Event: 33.662 Thread 0x000001f2786d3d70 Thread added: 0x000001f2011572a0
Event: 34.220 Thread 0x000001f2011572a0 Thread exited: 0x000001f2011572a0
Event: 34.596 Thread 0x000001f200172720 Thread exited: 0x000001f200172720
Event: 35.168 Thread 0x000001f235c8fe70 Thread added: 0x000001f200172720
Event: 35.684 Thread 0x000001f200172720 Thread exited: 0x000001f200172720
Event: 45.922 Thread 0x000001f2786d3d70 Thread added: 0x000001f200c7c5d0
Event: 46.292 Thread 0x000001f27facecf0 Thread exited: 0x000001f27facecf0
Event: 46.292 Thread 0x000001f200783120 Thread exited: 0x000001f200783120
Event: 46.304 Thread 0x000001f27d640140 Thread added: 0x000001f27fac83f0
Event: 46.306 Thread 0x000001f27d6407d0 Thread added: 0x000001f27facbf00
Event: 46.309 Thread 0x000001f27d640140 Thread added: 0x000001f27facab50
Event: 46.316 Thread 0x000001f2786d3d70 Thread added: 0x000001f20ba66130
Event: 46.332 Thread 0x000001f27facab50 Thread exited: 0x000001f27facab50
Event: 46.333 Thread 0x000001f27d640140 Thread added: 0x000001f27facf380
Event: 46.406 Thread 0x000001f27d640140 Thread added: 0x000001f27facc590
Event: 46.407 Thread 0x000001f27d640140 Thread added: 0x000001f27facd2b0
Event: 46.417 Thread 0x000001f27facd2b0 Thread exited: 0x000001f27facd2b0
Event: 46.417 Thread 0x000001f27d640140 Thread added: 0x000001f27face660
Event: 46.420 Thread 0x000001f27d640140 Thread added: 0x000001f27faccc20
Event: 46.922 Thread 0x000001f20ba66130 Thread exited: 0x000001f20ba66130


Dynamic libraries:
0x00007ff7c5010000 - 0x00007ff7c501e000 	c:\Users\Sandz\.vscode\extensions\redhat.java-1.41.0-win32-x64\jre\21.0.6-win32-x86_64\bin\java.exe
0x00007ffc1aaa0000 - 0x00007ffc1ac90000 	C:\Windows\SYSTEM32\ntdll.dll
0x00007ffc18cb0000 - 0x00007ffc18d62000 	C:\Windows\System32\KERNEL32.DLL
0x00007ffc17a30000 - 0x00007ffc17cd2000 	C:\Windows\System32\KERNELBASE.dll
0x00007ffc187f0000 - 0x00007ffc188ea000 	C:\Windows\System32\ucrtbase.dll
0x00007ffc04140000 - 0x00007ffc04158000 	c:\Users\Sandz\.vscode\extensions\redhat.java-1.41.0-win32-x64\jre\21.0.6-win32-x86_64\bin\jli.dll
0x00007ffc19f40000 - 0x00007ffc1a0d3000 	C:\Windows\System32\USER32.dll
0x00007ffc18b30000 - 0x00007ffc18b51000 	C:\Windows\System32\win32u.dll
0x00007ffc1a9b0000 - 0x00007ffc1a9d6000 	C:\Windows\System32\GDI32.dll
0x00007ffc18490000 - 0x00007ffc18624000 	C:\Windows\System32\gdi32full.dll
0x00007ffc05ac0000 - 0x00007ffc05ade000 	c:\Users\Sandz\.vscode\extensions\redhat.java-1.41.0-win32-x64\jre\21.0.6-win32-x86_64\bin\VCRUNTIME140.dll
0x00007ffc186e0000 - 0x00007ffc1877e000 	C:\Windows\System32\msvcp_win.dll
0x00007ffc0a260000 - 0x00007ffc0a4e5000 	C:\Windows\WinSxS\amd64_microsoft.windows.common-controls_6595b64144ccf1df_6.0.18362.30_none_a1435978519dce7f\COMCTL32.dll
0x00007ffc19700000 - 0x00007ffc1979e000 	C:\Windows\System32\msvcrt.dll
0x00007ffc19130000 - 0x00007ffc19466000 	C:\Windows\System32\combase.dll
0x00007ffc197a0000 - 0x00007ffc198c0000 	C:\Windows\System32\RPCRT4.dll
0x00007ffc188f0000 - 0x00007ffc18971000 	C:\Windows\System32\bcryptPrimitives.dll
0x00007ffc19f10000 - 0x00007ffc19f3e000 	C:\Windows\System32\IMM32.DLL
0x00007ffc05920000 - 0x00007ffc0592c000 	c:\Users\Sandz\.vscode\extensions\redhat.java-1.41.0-win32-x64\jre\21.0.6-win32-x86_64\bin\vcruntime140_1.dll
0x00007ffbfb120000 - 0x00007ffbfb1ad000 	c:\Users\Sandz\.vscode\extensions\redhat.java-1.41.0-win32-x64\jre\21.0.6-win32-x86_64\bin\msvcp140.dll
0x00007ffbbc050000 - 0x00007ffbbcde0000 	c:\Users\Sandz\.vscode\extensions\redhat.java-1.41.0-win32-x64\jre\21.0.6-win32-x86_64\bin\server\jvm.dll
0x00007ffc199f0000 - 0x00007ffc19a93000 	C:\Windows\System32\ADVAPI32.dll
0x00007ffc1a230000 - 0x00007ffc1a2c7000 	C:\Windows\System32\sechost.dll
0x00007ffc179a0000 - 0x00007ffc179ea000 	C:\Windows\System32\POWRPROF.dll
0x00007ffc17970000 - 0x00007ffc17980000 	C:\Windows\System32\UMPDC.dll
0x00007ffc195b0000 - 0x00007ffc1961f000 	C:\Windows\System32\WS2_32.dll
0x00007ffc14d10000 - 0x00007ffc14d34000 	C:\Windows\SYSTEM32\WINMM.dll
0x00007ffc0f1f0000 - 0x00007ffc0f1fa000 	C:\Windows\SYSTEM32\VERSION.dll
0x00007ffc14c00000 - 0x00007ffc14c2d000 	C:\Windows\SYSTEM32\WINMMBASE.dll
0x00007ffc187a0000 - 0x00007ffc187ea000 	C:\Windows\System32\cfgmgr32.dll
0x00007ffc17980000 - 0x00007ffc17991000 	C:\Windows\System32\kernel.appcore.dll
0x00007ffc05770000 - 0x00007ffc0577a000 	c:\Users\Sandz\.vscode\extensions\redhat.java-1.41.0-win32-x64\jre\21.0.6-win32-x86_64\bin\jimage.dll
0x00007ffc073d0000 - 0x00007ffc075c4000 	C:\Windows\SYSTEM32\DBGHELP.DLL
0x00007ffc07240000 - 0x00007ffc0726a000 	C:\Windows\SYSTEM32\dbgcore.DLL
0x00007ffc05450000 - 0x00007ffc0545f000 	c:\Users\Sandz\.vscode\extensions\redhat.java-1.41.0-win32-x64\jre\21.0.6-win32-x86_64\bin\instrument.dll
0x00007ffbff8f0000 - 0x00007ffbff90f000 	c:\Users\Sandz\.vscode\extensions\redhat.java-1.41.0-win32-x64\jre\21.0.6-win32-x86_64\bin\java.dll
0x00007ffc1a2d0000 - 0x00007ffc1a9b0000 	C:\Windows\System32\SHELL32.dll
0x00007ffc19500000 - 0x00007ffc195a9000 	C:\Windows\System32\shcore.dll
0x00007ffc17d10000 - 0x00007ffc1848b000 	C:\Windows\System32\windows.storage.dll
0x00007ffc179f0000 - 0x00007ffc17a0f000 	C:\Windows\System32\profapi.dll
0x00007ffc19620000 - 0x00007ffc19672000 	C:\Windows\System32\shlwapi.dll
0x00007ffc18780000 - 0x00007ffc18797000 	C:\Windows\System32\cryptsp.dll
0x00007ffbfdd20000 - 0x00007ffbfdd38000 	c:\Users\Sandz\.vscode\extensions\redhat.java-1.41.0-win32-x64\jre\21.0.6-win32-x86_64\bin\zip.dll
0x00007ffc04420000 - 0x00007ffc04430000 	C:\Users\Sandz\.vscode\extensions\redhat.java-1.41.0-win32-x64\jre\21.0.6-win32-x86_64\bin\net.dll
0x00007ffc12a10000 - 0x00007ffc12aff000 	C:\Windows\SYSTEM32\WINHTTP.dll
0x00007ffc171e0000 - 0x00007ffc17247000 	C:\Windows\system32\mswsock.dll
0x00007ffbfdd00000 - 0x00007ffbfdd16000 	C:\Users\Sandz\.vscode\extensions\redhat.java-1.41.0-win32-x64\jre\21.0.6-win32-x86_64\bin\nio.dll
0x00007ffc0f050000 - 0x00007ffc0f060000 	c:\Users\Sandz\.vscode\extensions\redhat.java-1.41.0-win32-x64\jre\21.0.6-win32-x86_64\bin\verify.dll
0x00007ffbfddf0000 - 0x00007ffbfde35000 	C:\Users\Sandz\AppData\Roaming\Code\User\globalStorage\redhat.java\1.41.0\config_win\org.eclipse.equinox.launcher\org.eclipse.equinox.launcher.win32.win32.x86_64_1.2.1300.v20250325-0811\eclipse_11911.dll
0x00007ffc18fd0000 - 0x00007ffc19126000 	C:\Windows\System32\ole32.dll
0x00007ffc16da0000 - 0x00007ffc16dd3000 	C:\Windows\system32\rsaenh.dll
0x00007ffc17ce0000 - 0x00007ffc17d06000 	C:\Windows\System32\bcrypt.dll
0x00007ffc17890000 - 0x00007ffc178b5000 	C:\Windows\SYSTEM32\USERENV.dll
0x00007ffc173b0000 - 0x00007ffc173bc000 	C:\Windows\SYSTEM32\CRYPTBASE.dll
0x00007ffc16f40000 - 0x00007ffc16f7a000 	C:\Windows\SYSTEM32\IPHLPAPI.DLL
0x00007ffc18ca0000 - 0x00007ffc18ca8000 	C:\Windows\System32\NSI.dll
0x00007ffbfdd50000 - 0x00007ffbfdd99000 	C:\Users\Sandz\AppData\Local\Temp\jna-79650902\jna9748484287011858357.dll
0x00007ffc18b60000 - 0x00007ffc18b68000 	C:\Windows\System32\PSAPI.DLL
0x00007ffc10bc0000 - 0x00007ffc10bd6000 	C:\Windows\SYSTEM32\dhcpcsvc6.DLL
0x00007ffc11330000 - 0x00007ffc1134c000 	C:\Windows\SYSTEM32\dhcpcsvc.DLL
0x00007ffbfe1e0000 - 0x00007ffbfe207000 	C:\Users\Sandz\.gradle\native\1def1411415f61bf3af743bc5b6707747c0891f09f0c88961ee8f79bc544acac\windows-amd64\native-platform.dll
0x00007ffc0f040000 - 0x00007ffc0f04a000 	C:\Users\Sandz\.vscode\extensions\redhat.java-1.41.0-win32-x64\jre\21.0.6-win32-x86_64\bin\management.dll
0x00007ffc05440000 - 0x00007ffc0544b000 	C:\Users\Sandz\.vscode\extensions\redhat.java-1.41.0-win32-x64\jre\21.0.6-win32-x86_64\bin\management_ext.dll

dbghelp: loaded successfully - version: 4.0.5 - missing functions: none
symbol engine: initialized successfully - sym options: 0x614 - pdb path: .;c:\Users\Sandz\.vscode\extensions\redhat.java-1.41.0-win32-x64\jre\21.0.6-win32-x86_64\bin;C:\Windows\SYSTEM32;C:\Windows\WinSxS\amd64_microsoft.windows.common-controls_6595b64144ccf1df_6.0.18362.30_none_a1435978519dce7f;c:\Users\Sandz\.vscode\extensions\redhat.java-1.41.0-win32-x64\jre\21.0.6-win32-x86_64\bin\server;C:\Users\Sandz\AppData\Roaming\Code\User\globalStorage\redhat.java\1.41.0\config_win\org.eclipse.equinox.launcher\org.eclipse.equinox.launcher.win32.win32.x86_64_1.2.1300.v20250325-0811;C:\Users\Sandz\AppData\Local\Temp\jna-79650902;C:\Users\Sandz\.gradle\native\1def1411415f61bf3af743bc5b6707747c0891f09f0c88961ee8f79bc544acac\windows-amd64

VM Arguments:
jvm_args: --add-modules=ALL-SYSTEM --add-opens=java.base/java.util=ALL-UNNAMED --add-opens=java.base/java.lang=ALL-UNNAMED --add-opens=java.base/sun.nio.fs=ALL-UNNAMED -Declipse.application=org.eclipse.jdt.ls.core.id1 -Dosgi.bundles.defaultStartLevel=4 -Declipse.product=org.eclipse.jdt.ls.core.product -Djava.import.generatesMetadataFilesAtProjectRoot=false -DDetectVMInstallationsJob.disabled=true -Dfile.encoding=utf8 -XX:+UseParallelGC -XX:GCTimeRatio=4 -XX:AdaptiveSizePolicyWeight=90 -Dsun.zip.disableMemoryMapping=true -Xmx1G -Xms100m -Xlog:disable -javaagent:c:\Users\Sandz\.vscode\extensions\redhat.java-1.41.0-win32-x64\lombok\lombok-1.18.36.jar -XX:+HeapDumpOnOutOfMemoryError -XX:HeapDumpPath=c:\Users\Sandz\AppData\Roaming\Code\User\workspaceStorage\6d43673110fc0150513da5b9eddb23f1\redhat.java -Daether.dependencyCollector.impl=bf 
java_command: c:\Users\Sandz\.vscode\extensions\redhat.java-1.41.0-win32-x64\server\plugins\org.eclipse.equinox.launcher_1.6.1100.v20250306-0509.jar -configuration c:\Users\Sandz\AppData\Roaming\Code\User\globalStorage\redhat.java\1.41.0\config_win -data c:\Users\Sandz\AppData\Roaming\Code\User\workspaceStorage\6d43673110fc0150513da5b9eddb23f1\redhat.java\jdt_ws --pipe=\\.\pipe\lsp-575bdb653580157f4f6f5b031d859167-sock
java_class_path (initial): c:\Users\Sandz\.vscode\extensions\redhat.java-1.41.0-win32-x64\server\plugins\org.eclipse.equinox.launcher_1.6.1100.v20250306-0509.jar
Launcher Type: SUN_STANDARD

[Global flags]
    uintx AdaptiveSizePolicyWeight                 = 90                                        {product} {command line}
     intx CICompilerCount                          = 4                                         {product} {ergonomic}
    uintx GCTimeRatio                              = 4                                         {product} {command line}
     bool HeapDumpOnOutOfMemoryError               = true                                   {manageable} {command line}
    ccstr HeapDumpPath                             = c:\Users\Sandz\AppData\Roaming\Code\User\workspaceStorage\6d43673110fc0150513da5b9eddb23f1\redhat.java         {manageable} {command line}
   size_t InitialHeapSize                          = 104857600                                 {product} {command line}
   size_t MaxHeapSize                              = 1073741824                                {product} {command line}
   size_t MaxNewSize                               = 357564416                                 {product} {ergonomic}
   size_t MinHeapDeltaBytes                        = 524288                                    {product} {ergonomic}
   size_t MinHeapSize                              = 104857600                                 {product} {command line}
   size_t NewSize                                  = 34603008                                  {product} {ergonomic}
    uintx NonNMethodCodeHeapSize                   = 5839372                                {pd product} {ergonomic}
    uintx NonProfiledCodeHeapSize                  = 122909434                              {pd product} {ergonomic}
   size_t OldSize                                  = 70254592                                  {product} {ergonomic}
    uintx ProfiledCodeHeapSize                     = 122909434                              {pd product} {ergonomic}
    uintx ReservedCodeCacheSize                    = 251658240                              {pd product} {ergonomic}
     bool SegmentedCodeCache                       = true                                      {product} {ergonomic}
   size_t SoftMaxHeapSize                          = 1073741824                             {manageable} {ergonomic}
     bool UseCompressedOops                        = true                           {product lp64_product} {ergonomic}
     bool UseLargePagesIndividualAllocation        = false                                  {pd product} {ergonomic}
     bool UseParallelGC                            = true                                      {product} {command line}

Logging:
Log output configuration:
 #0: stdout all=off uptime,level,tags foldmultilines=false
 #1: stderr all=off uptime,level,tags foldmultilines=false

Environment Variables:
JAVA_HOME=C:\Users\Sandz\AppData\Local\jdk-11.0.2
PATH=C:\Program Files\Eclipse Adoptium\jdk-11.0.23.9-hotspot\bin;C:\Program Files\Eclipse Adoptium\jdk-11.0.26.4-hotspot\bin;C:\Python313\Scripts\;C:\Python313\;C:\Program Files\Common Files\Oracle\Java\javapath;C:\Windows\system32;C:\Windows;C:\Windows\System32\Wbem;C:\Windows\System32\WindowsPowerShell\v1.0\;C:\Windows\System32\OpenSSH\;C:\Program Files\nodejs\;C:\ProgramData\chocolatey\bin;C:\Users\Sandz\AppData\Local\Android\Sdk\platform-tools;C:\Users\Sandz\AppData\Local\Android\Sdk\tools;C:\Users\Sandz\AppData\Local\Microsoft\WindowsApps;C:\Users\Sandz\AppData\Local\Programs\Microsoft VS Code\bin;C:\Users\Sandz\AppData\Roaming\npm;C:\Program Files\JetBrains\IntelliJ IDEA Community Edition 2024.2.4\bin;C:\Users\Sandz\AppData\Local\Android\Sdk;C:\Program Files\Git\cmd;C:\Users\Sandz\AppData\Local\jdk-11.0.2\bin;C:\Users\Sandz\AppData\Local\Android\Sdk\platform-tools;C:\Users\Sandz\AppData\Local\Android\Sdk\tools;C:\Users\Sandz\AppData\Local\Microsoft\WindowsApps;C:\Users\Sandz\AppData\Local\Programs\Microsoft VS Code\bin;C:\Users\Sandz\AppData\Roaming\npm;C:\Program Files\JetBrains\IntelliJ IDEA Community Edition 2024.2.4\bin;;C:\Users\Sandz\AppData\Local\Android\Sdk;
USERNAME=Sandz
OS=Windows_NT
PROCESSOR_IDENTIFIER=Intel64 Family 6 Model 60 Stepping 3, GenuineIntel
TMP=C:\Users\Sandz\AppData\Local\Temp
TEMP=C:\Users\Sandz\AppData\Local\Temp




Periodic native trim disabled

---------------  S Y S T E M  ---------------

OS:
 Windows 10 , 64 bit Build 18362 (10.0.18362.1)
OS uptime: 0 days 6:18 hours

CPU: total 8 (initial active 8) (4 cores per cpu, 2 threads per core) family 6 model 60 stepping 3 microcode 0x25, cx8, cmov, fxsr, ht, mmx, sse, sse2, sse3, ssse3, sse4.1, sse4.2, popcnt, lzcnt, tsc, tscinvbit, avx, avx2, aes, erms, clmul, bmi1, bmi2, fma, vzeroupper, clflush, rdtscp, f16c
Processor Information for the first 8 processors :
  Max Mhz: 2401, Current Mhz: 2401, Mhz Limit: 2401

Memory: 4k page, system-wide physical 16303M (8297M free)
TotalPageFile size 18735M (AvailPageFile size 8331M)
current process WorkingSet (physical memory assigned to process): 808M, peak: 808M
current process commit charge ("private bytes"): 711M, peak: 711M

vm_info: OpenJDK 64-Bit Server VM (21.0.6+7-LTS) for windows-amd64 JRE (21.0.6+7-LTS), built on 2025-01-21T00:00:00Z by "admin" with MS VC++ 17.7 (VS2022)

END.
